<?xml version="1.0" encoding="UTF-8"?>
<testng-results skipped="0" failed="0" ignored="2" total="3" passed="1">
  <reporter-output>
  </reporter-output>
  <suite name="Suite" duration-ms="3431" started-at="2017-09-20T11:07:23Z" finished-at="2017-09-20T11:07:26Z">
    <groups>
    </groups>
    <test name="Test" duration-ms="3431" started-at="2017-09-20T11:07:23Z" finished-at="2017-09-20T11:07:26Z">
      <class name="httptest.httpscene3">
        <test-method status="PASS" signature="init()[pri:0, instance:httptest.httpscene3@4edc67]" name="init" is-config="true" duration-ms="2692" started-at="2017-09-20T19:07:23Z" finished-at="2017-09-20T19:07:25Z">
          <reporter-output>
          </reporter-output>
        </test-method> <!-- init -->
        <test-method status="PASS" signature="login()[pri:0, instance:httptest.httpscene3@4edc67]" name="login" duration-ms="668" started-at="2017-09-20T19:07:25Z" finished-at="2017-09-20T19:07:26Z">
          <reporter-output>
          </reporter-output>
        </test-method> <!-- login -->
        <test-method status="PASS" signature="teardown()[pri:0, instance:httptest.httpscene3@4edc67]" name="teardown" is-config="true" duration-ms="3" started-at="2017-09-20T19:07:26Z" finished-at="2017-09-20T19:07:26Z">
          <reporter-output>
          </reporter-output>
        </test-method> <!-- teardown -->
      </class> <!-- httptest.httpscene3 -->
    </test> <!-- Test -->
  </suite> <!-- Suite -->
</testng-results>
