<?xml version="1.0" encoding="UTF-8"?>
<!-- Generated by org.testng.reporters.JUnitXMLReporter -->
<testsuite hostname="MS-20170527WBQB" ignored="2" name="Test" tests="1" failures="0" timestamp="20 九月 2017 11:07:26 GMT" time="3.431" errors="0">
  <testcase name="login" time="0.668" classname="httptest.httpscene3"/>
  <testcase name="deleteaddress" time="0.0" classname="httptest.httpscene3">
    <ignored/>
  </testcase> <!-- deleteaddress -->
  <testcase name="addNewAddress" time="0.0" classname="httptest.httpscene3">
    <ignored/>
  </testcase> <!-- addNewAddress -->
</testsuite> <!-- Test -->
